Обновление баз данных пользователей...
Начата процедура удаления старых записей из баз данных
Логин считан, открываем соответствующий файл...
Логин считан, открываем соответствующий файл...
Логин считан, открываем соответствующий файл...
Ошибка: файл базы данных не может быть открыт
Логин считан, открываем соответствующий файл...
Ошибка: файл базы данных не может быть открыт
Логин считан, открываем соответствующий файл...
Ошибка: файл базы данных не может быть открыт
Логин считан, открываем соответствующий файл...
Ошибка: файл базы данных не может быть открыт
Логин считан, открываем соответствующий файл...
Ошибка: файл базы данных не может быть открыт
Удаление старых записей завершено
Запуск экрана авторизации...
Начата процедура соединения...
Создание слушающего сокета...
Ожидание подключений...
Соединение установлено
Сортировка входящих сообщений...
Принято сообщение: 
2
Начата процедура аутентификации
Начата процедура аутентификации клиента
Логин получен
Пароль получен
Проверка, есть ли комбинайия логина и пароля в базе данных
Комбинация найдена
Найдено соответствие
Пользователь авторизован
Сортировка входящих сообщений...
Принято сообщение: 
3
Подготовка к передаче данных
Начало приема файлов, создание потока
Поток создан
Выход из программы...
